<?xml version="1.0" encoding="UTF-8"?>
<TestRun id="cee0781a-05b8-4e17-9a3d-db21be138546" name="Lichain.Yu@TOSHIBA 2013-05-27 11:54:08" runUser="TOSHIBA\Lichain.Yu" xmlns="http://microsoft.com/schemas/VisualStudio/TeamTest/2010">
  <TestSettings name="Default Test Settings" id="96e4c98f-f4ff-4682-9ff3-27a2b2ae69ec">
    <Deployment runDeploymentRoot="Lichain.Yu_TOSHIBA 2013-05-27 11_54_08">
      <DeploymentItem filename="C:\workspace\website\WeatherHelper\WeatherHelper\bin\WeatherHelper.dll" />
    </Deployment>
    <Execution>
      <TestTypeSpecific />
      <AgentRule name="Execution Agents">
      </AgentRule>
    </Execution>
  </TestSettings>
  <Times creation="2013-05-27T11:54:08.0552278+08:00" queuing="2013-05-27T11:54:09.9550819+08:00" start="2013-05-27T11:54:10.0881988+08:00" finish="2013-05-27T11:54:10.8461302+08:00" />
  <ResultSummary outcome="Completed">
    <Counters total="2" executed="2" passed="2" error="0" failed="0" timeout="0" aborted="0" inconclusive="0" passedButRunAborted="0" notRunnable="0" notExecuted="0" disconnected="0" warning="0" completed="0" inProgress="0" pending="0" />
  </ResultSummary>
  <TestDefinitions>
    <UnitTest name="About" storage="c:\workspace\website\weatherhelper\weatherhelper.testprject\bin\debug\weatherhelper.testprject.dll" id="b874e951-1584-18b4-52d7-0541ac1cb04b">
      <Execution id="ba5852bb-aec6-4f2b-847a-76d4b9d28355" />
      <TestMethod codeBase="C:/workspace/website/WeatherHelper/WeatherHelper.TestPrject/bin/Debug/WeatherHelper.TestPrject.DLL" adapterTypeName="Microsoft.VisualStudio.TestTools.TestTypes.Unit.UnitTestAdapter, Microsoft.VisualStudio.QualityTools.Tips.UnitTest.Adapter, Version=10.0.0.0, Culture=neutral, PublicKeyToken=b03f5f7f11d50a3a" className="WeatherHelper.TestPrject.Controllers.HomeControllerTest, WeatherHelper.TestPrject, Version=1.0.0.0, Culture=neutral, PublicKeyToken=null" name="About" />
    </UnitTest>
    <UnitTest name="Index" storage="c:\workspace\website\weatherhelper\weatherhelper.testprject\bin\debug\weatherhelper.testprject.dll" id="38e796a4-fc51-0666-bd20-9514c8f2f9ed">
      <Execution id="a16dbec6-4459-4402-bbdb-71e3123dbf44" />
      <TestMethod codeBase="C:/workspace/website/WeatherHelper/WeatherHelper.TestPrject/bin/Debug/WeatherHelper.TestPrject.DLL" adapterTypeName="Microsoft.VisualStudio.TestTools.TestTypes.Unit.UnitTestAdapter, Microsoft.VisualStudio.QualityTools.Tips.UnitTest.Adapter, Version=10.0.0.0, Culture=neutral, PublicKeyToken=b03f5f7f11d50a3a" className="WeatherHelper.TestPrject.Controllers.HomeControllerTest, WeatherHelper.TestPrject, Version=1.0.0.0, Culture=neutral, PublicKeyToken=null" name="Index" />
    </UnitTest>
  </TestDefinitions>
  <TestLists>
    <TestList name="Results Not in a List" id="8c84fa94-04c1-424b-9868-57a2d4851a1d" />
    <TestList name="All Loaded Results" id="19431567-8539-422a-85d7-44ee4e166bda" />
  </TestLists>
  <TestEntries>
    <TestEntry testId="38e796a4-fc51-0666-bd20-9514c8f2f9ed" executionId="a16dbec6-4459-4402-bbdb-71e3123dbf44" testListId="8c84fa94-04c1-424b-9868-57a2d4851a1d" />
    <TestEntry testId="b874e951-1584-18b4-52d7-0541ac1cb04b" executionId="ba5852bb-aec6-4f2b-847a-76d4b9d28355" testListId="8c84fa94-04c1-424b-9868-57a2d4851a1d" />
  </TestEntries>
  <Results>
    <UnitTestResult executionId="a16dbec6-4459-4402-bbdb-71e3123dbf44" testId="38e796a4-fc51-0666-bd20-9514c8f2f9ed" testName="Index" computerName="TOSHIBA" duration="00:00:00.1377033" startTime="2013-05-27T11:54:10.1682522+08:00" endTime="2013-05-27T11:54:10.7470674+08:00" testType="13cdc9d9-ddb5-4fa4-a97d-d965ccfc6d4b" outcome="Passed" testListId="8c84fa94-04c1-424b-9868-57a2d4851a1d" relativeResultsDirectory="a16dbec6-4459-4402-bbdb-71e3123dbf44">
    </UnitTestResult>
    <UnitTestResult executionId="ba5852bb-aec6-4f2b-847a-76d4b9d28355" testId="b874e951-1584-18b4-52d7-0541ac1cb04b" testName="About" computerName="TOSHIBA" duration="00:00:00.0006441" startTime="2013-05-27T11:54:10.7490693+08:00" endTime="2013-05-27T11:54:10.7550709+08:00" testType="13cdc9d9-ddb5-4fa4-a97d-d965ccfc6d4b" outcome="Passed" testListId="8c84fa94-04c1-424b-9868-57a2d4851a1d" relativeResultsDirectory="ba5852bb-aec6-4f2b-847a-76d4b9d28355">
    </UnitTestResult>
  </Results>
</TestRun>