<?xml version="1.0" encoding="UTF-8"?>
<TestRun id="adabb716-3523-49dd-b03c-1b85fe7db712" name="Lichain.Yu@TOSHIBA 2013-05-19 16:45:45" runUser="TOSHIBA\Lichain.Yu" xmlns="http://microsoft.com/schemas/VisualStudio/TeamTest/2010">
  <TestSettings name="Default Test Settings" id="53aa8813-0664-46ad-b7f1-489dd5e9573d">
    <Deployment runDeploymentRoot="Lichain.Yu_TOSHIBA 2013-05-19 16_45_45">
      <DeploymentItem filename="C:\workspace\website\WeatherHelper\WeatherHelper\bin\WeatherHelper.dll" />
    </Deployment>
    <Execution>
      <TestTypeSpecific />
      <AgentRule name="Execution Agents">
      </AgentRule>
    </Execution>
  </TestSettings>
  <Times creation="2013-05-19T16:45:45.3605611+08:00" queuing="2013-05-19T16:45:48.2539057+08:00" start="2013-05-19T16:45:48.4760545+08:00" finish="2013-05-19T16:45:49.4128188+08:00" />
  <ResultSummary outcome="Completed">
    <Counters total="2" executed="2" passed="2" error="0" failed="0" timeout="0" aborted="0" inconclusive="0" passedButRunAborted="0" notRunnable="0" notExecuted="0" disconnected="0" warning="0" completed="0" inProgress="0" pending="0" />
  </ResultSummary>
  <TestDefinitions>
    <UnitTest name="About" storage="c:\workspace\website\weatherhelper\weatherhelper.testprject\bin\debug\weatherhelper.testprject.dll" id="b874e951-1584-18b4-52d7-0541ac1cb04b">
      <Execution id="f947d5f8-4ea6-4db5-b962-5fe59e68633f" />
      <TestMethod codeBase="C:/workspace/website/WeatherHelper/WeatherHelper.TestPrject/bin/Debug/WeatherHelper.TestPrject.DLL" adapterTypeName="Microsoft.VisualStudio.TestTools.TestTypes.Unit.UnitTestAdapter, Microsoft.VisualStudio.QualityTools.Tips.UnitTest.Adapter, Version=10.0.0.0, Culture=neutral, PublicKeyToken=b03f5f7f11d50a3a" className="WeatherHelper.TestPrject.Controllers.HomeControllerTest, WeatherHelper.TestPrject, Version=1.0.0.0, Culture=neutral, PublicKeyToken=null" name="About" />
    </UnitTest>
    <UnitTest name="Index" storage="c:\workspace\website\weatherhelper\weatherhelper.testprject\bin\debug\weatherhelper.testprject.dll" id="38e796a4-fc51-0666-bd20-9514c8f2f9ed">
      <Execution id="870e4ede-51c4-43dd-91a6-4ec103af9df6" />
      <TestMethod codeBase="C:/workspace/website/WeatherHelper/WeatherHelper.TestPrject/bin/Debug/WeatherHelper.TestPrject.DLL" adapterTypeName="Microsoft.VisualStudio.TestTools.TestTypes.Unit.UnitTestAdapter, Microsoft.VisualStudio.QualityTools.Tips.UnitTest.Adapter, Version=10.0.0.0, Culture=neutral, PublicKeyToken=b03f5f7f11d50a3a" className="WeatherHelper.TestPrject.Controllers.HomeControllerTest, WeatherHelper.TestPrject, Version=1.0.0.0, Culture=neutral, PublicKeyToken=null" name="Index" />
    </UnitTest>
  </TestDefinitions>
  <TestLists>
    <TestList name="Results Not in a List" id="8c84fa94-04c1-424b-9868-57a2d4851a1d" />
    <TestList name="All Loaded Results" id="19431567-8539-422a-85d7-44ee4e166bda" />
  </TestLists>
  <TestEntries>
    <TestEntry testId="38e796a4-fc51-0666-bd20-9514c8f2f9ed" executionId="870e4ede-51c4-43dd-91a6-4ec103af9df6" testListId="8c84fa94-04c1-424b-9868-57a2d4851a1d" />
    <TestEntry testId="b874e951-1584-18b4-52d7-0541ac1cb04b" executionId="f947d5f8-4ea6-4db5-b962-5fe59e68633f" testListId="8c84fa94-04c1-424b-9868-57a2d4851a1d" />
  </TestEntries>
  <Results>
    <UnitTestResult executionId="870e4ede-51c4-43dd-91a6-4ec103af9df6" testId="38e796a4-fc51-0666-bd20-9514c8f2f9ed" testName="Index" computerName="TOSHIBA" duration="00:00:00.3109720" startTime="2013-05-19T16:45:48.5170822+08:00" endTime="2013-05-19T16:45:49.3727919+08:00" testType="13cdc9d9-ddb5-4fa4-a97d-d965ccfc6d4b" outcome="Passed" testListId="8c84fa94-04c1-424b-9868-57a2d4851a1d" relativeResultsDirectory="870e4ede-51c4-43dd-91a6-4ec103af9df6">
    </UnitTestResult>
    <UnitTestResult executionId="f947d5f8-4ea6-4db5-b962-5fe59e68633f" testId="b874e951-1584-18b4-52d7-0541ac1cb04b" testName="About" computerName="TOSHIBA" duration="00:00:00.0004968" startTime="2013-05-19T16:45:49.3737935+08:00" endTime="2013-05-19T16:45:49.3787960+08:00" testType="13cdc9d9-ddb5-4fa4-a97d-d965ccfc6d4b" outcome="Passed" testListId="8c84fa94-04c1-424b-9868-57a2d4851a1d" relativeResultsDirectory="f947d5f8-4ea6-4db5-b962-5fe59e68633f">
    </UnitTestResult>
  </Results>
</TestRun>