<?xml version="1.0" encoding="UTF-8"?>
<TestRun id="ae6039fe-320e-4b61-8ac7-d0d17e3ff1c2" name="Lichain.Yu@TOSHIBA 2013-05-19 16:50:28" runUser="TOSHIBA\Lichain.Yu" xmlns="http://microsoft.com/schemas/VisualStudio/TeamTest/2010">
  <TestSettings name="Default Test Settings" id="6277eede-cb25-451b-8346-9156ceff2c9a">
    <Deployment runDeploymentRoot="Lichain.Yu_TOSHIBA 2013-05-19 16_50_28">
      <DeploymentItem filename="C:\workspace\website\WeatherHelper\WeatherHelper\bin\WeatherHelper.dll" />
    </Deployment>
    <Execution>
      <TestTypeSpecific />
      <AgentRule name="Execution Agents">
      </AgentRule>
    </Execution>
  </TestSettings>
  <Times creation="2013-05-19T16:50:28.1875723+08:00" queuing="2013-05-19T16:50:28.3156562+08:00" start="2013-05-19T16:50:28.3216603+08:00" finish="2013-05-19T16:50:28.6188602+08:00" />
  <ResultSummary outcome="Completed">
    <Counters total="2" executed="2" passed="2" error="0" failed="0" timeout="0" aborted="0" inconclusive="0" passedButRunAborted="0" notRunnable="0" notExecuted="0" disconnected="0" warning="0" completed="0" inProgress="0" pending="0" />
  </ResultSummary>
  <TestDefinitions>
    <UnitTest name="About" storage="c:\workspace\website\weatherhelper\weatherhelper.testprject\bin\debug\weatherhelper.testprject.dll" id="b874e951-1584-18b4-52d7-0541ac1cb04b">
      <Execution id="9af5cf40-e208-4c8e-9e72-55ddad91cb7b" />
      <TestMethod codeBase="C:/workspace/website/WeatherHelper/WeatherHelper.TestPrject/bin/Debug/WeatherHelper.TestPrject.DLL" adapterTypeName="Microsoft.VisualStudio.TestTools.TestTypes.Unit.UnitTestAdapter, Microsoft.VisualStudio.QualityTools.Tips.UnitTest.Adapter, Version=10.0.0.0, Culture=neutral, PublicKeyToken=b03f5f7f11d50a3a" className="WeatherHelper.TestPrject.Controllers.HomeControllerTest, WeatherHelper.TestPrject, Version=1.0.0.0, Culture=neutral, PublicKeyToken=null" name="About" />
    </UnitTest>
    <UnitTest name="Index" storage="c:\workspace\website\weatherhelper\weatherhelper.testprject\bin\debug\weatherhelper.testprject.dll" id="38e796a4-fc51-0666-bd20-9514c8f2f9ed">
      <Execution id="5421d835-4113-4028-87ce-25c19e5ad61d" />
      <TestMethod codeBase="C:/workspace/website/WeatherHelper/WeatherHelper.TestPrject/bin/Debug/WeatherHelper.TestPrject.DLL" adapterTypeName="Microsoft.VisualStudio.TestTools.TestTypes.Unit.UnitTestAdapter, Microsoft.VisualStudio.QualityTools.Tips.UnitTest.Adapter, Version=10.0.0.0, Culture=neutral, PublicKeyToken=b03f5f7f11d50a3a" className="WeatherHelper.TestPrject.Controllers.HomeControllerTest, WeatherHelper.TestPrject, Version=1.0.0.0, Culture=neutral, PublicKeyToken=null" name="Index" />
    </UnitTest>
  </TestDefinitions>
  <TestLists>
    <TestList name="Results Not in a List" id="8c84fa94-04c1-424b-9868-57a2d4851a1d" />
    <TestList name="All Loaded Results" id="19431567-8539-422a-85d7-44ee4e166bda" />
  </TestLists>
  <TestEntries>
    <TestEntry testId="38e796a4-fc51-0666-bd20-9514c8f2f9ed" executionId="5421d835-4113-4028-87ce-25c19e5ad61d" testListId="8c84fa94-04c1-424b-9868-57a2d4851a1d" />
    <TestEntry testId="b874e951-1584-18b4-52d7-0541ac1cb04b" executionId="9af5cf40-e208-4c8e-9e72-55ddad91cb7b" testListId="8c84fa94-04c1-424b-9868-57a2d4851a1d" />
  </TestEntries>
  <Results>
    <UnitTestResult executionId="5421d835-4113-4028-87ce-25c19e5ad61d" testId="38e796a4-fc51-0666-bd20-9514c8f2f9ed" testName="Index" computerName="TOSHIBA" duration="00:00:00.0644147" startTime="2013-05-19T16:50:28.3246626+08:00" endTime="2013-05-19T16:50:28.6028483+08:00" testType="13cdc9d9-ddb5-4fa4-a97d-d965ccfc6d4b" outcome="Passed" testListId="8c84fa94-04c1-424b-9868-57a2d4851a1d" relativeResultsDirectory="5421d835-4113-4028-87ce-25c19e5ad61d">
    </UnitTestResult>
    <UnitTestResult executionId="9af5cf40-e208-4c8e-9e72-55ddad91cb7b" testId="b874e951-1584-18b4-52d7-0541ac1cb04b" testName="About" computerName="TOSHIBA" duration="00:00:00.0002487" startTime="2013-05-19T16:50:28.6048502+08:00" endTime="2013-05-19T16:50:28.6068528+08:00" testType="13cdc9d9-ddb5-4fa4-a97d-d965ccfc6d4b" outcome="Passed" testListId="8c84fa94-04c1-424b-9868-57a2d4851a1d" relativeResultsDirectory="9af5cf40-e208-4c8e-9e72-55ddad91cb7b">
    </UnitTestResult>
  </Results>
</TestRun>